<?xml version="1.0" encoding="UTF-8"?>
<!-- Generated by org.testng.reporters.JUnitReportReporter -->
<testsuite skipped="0" hostname="SHI58495EU1663F" name="com.qa.tests.GetAPITest" tests="1" failures="0" timestamp="26 Nov 2018 17:42:15 GMT" time="1.500" errors="0">
  <testcase name="getTestwithHeaders" time="1.500" classname="com.qa.tests.GetAPITest"/>
</testsuite> <!-- com.qa.tests.GetAPITest -->
