<?xml version="1.0" encoding="UTF-8"?>
<!-- Generated by org.testng.reporters.JUnitReportReporter -->
<testsuite skipped="0" hostname="SHI58495EU1663F" name="com.qa.tests.RestAssured.RestAssuredExample" tests="1" failures="0" timestamp="02 Dec 2018 17:28:38 GMT" time="3.010" errors="0">
  <testcase name="DELETEAPI" time="3.010" classname="com.qa.tests.RestAssured.RestAssuredExample"/>
</testsuite> <!-- com.qa.tests.RestAssured.RestAssuredExample -->
